This is pdfTeX, Version 3.14159265-2.6-1.40.18 (TeX Live 2017/W32TeX) (preloaded format=pdflatex 2018.1.5)  9 NOV 2018 00:55
entering extended mode
 restricted \write18 enabled.
 file:line:error style messages enabled.
 %&-line parsing enabled.
**c:/Users/churn/Documents/UCSD/Fall_2018/ECON_266/jessoe_rapson/notes/jessoe_rapson_notes.tex
(c:/Users/churn/Documents/UCSD/Fall_2018/ECON_266/jessoe_rapson/notes/jessoe_rapson_notes.tex
LaTeX2e <2017-04-15>
Babel <3.16> and hyphenation patterns for 84 language(s) loaded.
(c:/ProgramData/TeXLive/2017/texmf-dist/tex/latex/base/article.cls
Document Class: article 2014/09/29 v1.4h Standard LaTeX document class
(c:/ProgramData/TeXLive/2017/texmf-dist/tex/latex/base/size12.clo
File: size12.clo 2014/09/29 v1.4h Standard LaTeX file (size option)
)
\c@part=\count79
\c@section=\count80
\c@subsection=\count81
\c@subsubsection=\count82
\c@paragraph=\count83
\c@subparagraph=\count84
\c@figure=\count85
\c@table=\count86
\abovecaptionskip=\skip41
\belowcaptionskip=\skip42
\bibindent=\dimen102
) (c:/ProgramData/TeXLive/2017/texmf-dist/tex/latex/geometry/geometry.sty
Package: geometry 2010/09/12 v5.6 Page Geometry
 (c:/ProgramData/TeXLive/2017/texmf-dist/tex/latex/graphics/keyval.sty
Package: keyval 2014/10/28 v1.15 key=value parser (DPC)
\KV@toks@=\toks14
) (c:/ProgramData/TeXLive/2017/texmf-dist/tex/generic/oberdiek/ifpdf.sty
Package: ifpdf 2017/03/15 v3.2 Provides the ifpdf switch
) (c:/ProgramData/TeXLive/2017/texmf-dist/tex/generic/oberdiek/ifvtex.sty
Package: ifvtex 2016/05/16 v1.6 Detect VTeX and its facilities (HO)
Package ifvtex Info: VTeX not detected.
) (c:/ProgramData/TeXLive/2017/texmf-dist/tex/generic/ifxetex/ifxetex.sty
Package: ifxetex 2010/09/12 v0.6 Provides ifxetex conditional
)
\Gm@cnth=\count87
\Gm@cntv=\count88
\c@Gm@tempcnt=\count89
\Gm@bindingoffset=\dimen103
\Gm@wd@mp=\dimen104
\Gm@odd@mp=\dimen105
\Gm@even@mp=\dimen106
\Gm@layoutwidth=\dimen107
\Gm@layoutheight=\dimen108
\Gm@layouthoffset=\dimen109
\Gm@layoutvoffset=\dimen110
\Gm@dimlist=\toks15
) (c:/ProgramData/TeXLive/2017/texmf-dist/tex/latex/parskip/parskip.sty
Package: parskip 2001/04/09 non-zero parskip adjustments
) (c:/ProgramData/TeXLive/2017/texmf-dist/tex/latex/setspace/setspace.sty
Package: setspace 2011/12/19 v6.7a set line spacing
) (c:/ProgramData/TeXLive/2017/texmf-dist/tex/latex/enumitem/enumitem.sty
Package: enumitem 2011/09/28 v3.5.2 Customized lists
\labelindent=\skip43
\enit@outerparindent=\dimen111
\enit@toks=\toks16
\enit@inbox=\box26
\enitdp@description=\count90
) (c:/ProgramData/TeXLive/2017/texmf-dist/tex/latex/graphics/graphicx.sty
Package: graphicx 2017/06/01 v1.1a Enhanced LaTeX Graphics (DPC,SPQR)
 (c:/ProgramData/TeXLive/2017/texmf-dist/tex/latex/graphics/graphics.sty
Package: graphics 2017/06/25 v1.2c Standard LaTeX Graphics (DPC,SPQR)
 (c:/ProgramData/TeXLive/2017/texmf-dist/tex/latex/graphics/trig.sty
Package: trig 2016/01/03 v1.10 sin cos tan (DPC)
) (c:/ProgramData/TeXLive/2017/texmf-dist/tex/latex/graphics-cfg/graphics.cfg
File: graphics.cfg 2016/06/04 v1.11 sample graphics configuration
)
Package graphics Info: Driver file: pdftex.def on input line 99.
 (c:/ProgramData/TeXLive/2017/texmf-dist/tex/latex/graphics-def/pdftex.def
File: pdftex.def 2018/01/01 v1.0k Graphics/color driver for pdftex
))
\Gin@req@height=\dimen112
\Gin@req@width=\dimen113
) (c:/ProgramData/TeXLive/2017/texmf-dist/tex/latex/amsfonts/amssymb.sty
Package: amssymb 2013/01/14 v3.01 AMS font symbols
 (c:/ProgramData/TeXLive/2017/texmf-dist/tex/latex/amsfonts/amsfonts.sty
Package: amsfonts 2013/01/14 v3.01 Basic AMSFonts support
\@emptytoks=\toks17
\symAMSa=\mathgroup4
\symAMSb=\mathgroup5
LaTeX Font Info:    Overwriting math alphabet `\mathfrak' in version `bold'
(Font)                  U/euf/m/n --> U/euf/b/n on input line 106.
)) (c:/ProgramData/TeXLive/2017/texmf-dist/tex/latex/amsmath/amsmath.sty
Package: amsmath 2017/09/02 v2.17a AMS math features
\@mathmargin=\skip44

For additional information on amsmath, use the `?' option.
(c:/ProgramData/TeXLive/2017/texmf-dist/tex/latex/amsmath/amstext.sty
Package: amstext 2000/06/29 v2.01 AMS text
 (c:/ProgramData/TeXLive/2017/texmf-dist/tex/latex/amsmath/amsgen.sty
File: amsgen.sty 1999/11/30 v2.0 generic functions
\@emptytoks=\toks18
\ex@=\dimen114
)) (c:/ProgramData/TeXLive/2017/texmf-dist/tex/latex/amsmath/amsbsy.sty
Package: amsbsy 1999/11/29 v1.2d Bold Symbols
\pmbraise@=\dimen115
) (c:/ProgramData/TeXLive/2017/texmf-dist/tex/latex/amsmath/amsopn.sty
Package: amsopn 2016/03/08 v2.02 operator names
)
\inf@bad=\count91
LaTeX Info: Redefining \frac on input line 213.
\uproot@=\count92
\leftroot@=\count93
LaTeX Info: Redefining \overline on input line 375.
\classnum@=\count94
\DOTSCASE@=\count95
LaTeX Info: Redefining \ldots on input line 472.
LaTeX Info: Redefining \dots on input line 475.
LaTeX Info: Redefining \cdots on input line 596.
\Mathstrutbox@=\box27
\strutbox@=\box28
\big@size=\dimen116
LaTeX Font Info:    Redeclaring font encoding OML on input line 712.
LaTeX Font Info:    Redeclaring font encoding OMS on input line 713.
\macc@depth=\count96
\c@MaxMatrixCols=\count97
\dotsspace@=\muskip10
\c@parentequation=\count98
\dspbrk@lvl=\count99
\tag@help=\toks19
\row@=\count100
\column@=\count101
\maxfields@=\count102
\andhelp@=\toks20
\eqnshift@=\dimen117
\alignsep@=\dimen118
\tagshift@=\dimen119
\tagwidth@=\dimen120
\totwidth@=\dimen121
\lineht@=\dimen122
\@envbody=\toks21
\multlinegap=\skip45
\multlinetaggap=\skip46
\mathdisplay@stack=\toks22
LaTeX Info: Redefining \[ on input line 2817.
LaTeX Info: Redefining \] on input line 2818.
) (c:/ProgramData/TeXLive/2017/texmf-dist/tex/latex/mathtools/mathtools.sty
Package: mathtools 2017/10/30 v1.20 mathematical typesetting tools
 (c:/ProgramData/TeXLive/2017/texmf-dist/tex/latex/tools/calc.sty
Package: calc 2014/10/28 v4.3 Infix arithmetic (KKT,FJ)
\calc@Acount=\count103
\calc@Bcount=\count104
\calc@Adimen=\dimen123
\calc@Bdimen=\dimen124
\calc@Askip=\skip47
\calc@Bskip=\skip48
LaTeX Info: Redefining \setlength on input line 80.
LaTeX Info: Redefining \addtolength on input line 81.
\calc@Ccount=\count105
\calc@Cskip=\skip49
) (c:/ProgramData/TeXLive/2017/texmf-dist/tex/latex/mathtools/mhsetup.sty
Package: mhsetup 2017/03/31 v1.3 programming setup (MH)
)
LaTeX Info: Thecontrolsequence`\('isalreadyrobust on input line 129.
LaTeX Info: Thecontrolsequence`\)'isalreadyrobust on input line 129.
LaTeX Info: Thecontrolsequence`\['isalreadyrobust on input line 129.
LaTeX Info: Thecontrolsequence`\]'isalreadyrobust on input line 129.
\g_MT_multlinerow_int=\count106
\l_MT_multwidth_dim=\dimen125
\origjot=\skip50
\l_MT_shortvdotswithinadjustabove_dim=\dimen126
\l_MT_shortvdotswithinadjustbelow_dim=\dimen127
\l_MT_above_intertext_sep=\dimen128
\l_MT_below_intertext_sep=\dimen129
\l_MT_above_shortintertext_sep=\dimen130
\l_MT_below_shortintertext_sep=\dimen131
) (c:/ProgramData/TeXLive/2017/texmf-dist/tex/latex/jknapltx/mathrsfs.sty
Package: mathrsfs 1996/01/01 Math RSFS package v1.0 (jk)
\symrsfs=\mathgroup6
) (c:/ProgramData/TeXLive/2017/texmf-dist/tex/latex/oberdiek/epstopdf.sty
Package: epstopdf 2016/05/15 v2.6 Conversion with epstopdf on the fly (HO)
 (c:/ProgramData/TeXLive/2017/texmf-dist/tex/latex/oberdiek/epstopdf-base.sty
Package: epstopdf-base 2016/05/15 v2.6 Base part for package epstopdf
 (c:/ProgramData/TeXLive/2017/texmf-dist/tex/generic/oberdiek/infwarerr.sty
Package: infwarerr 2016/05/16 v1.4 Providing info/warning/error messages (HO)
) (c:/ProgramData/TeXLive/2017/texmf-dist/tex/latex/oberdiek/grfext.sty
Package: grfext 2016/05/16 v1.2 Manage graphics extensions (HO)
 (c:/ProgramData/TeXLive/2017/texmf-dist/tex/generic/oberdiek/kvdefinekeys.sty
Package: kvdefinekeys 2016/05/16 v1.4 Define keys (HO)
 (c:/ProgramData/TeXLive/2017/texmf-dist/tex/generic/oberdiek/ltxcmds.sty
Package: ltxcmds 2016/05/16 v1.23 LaTeX kernel commands for general use (HO)
))) (c:/ProgramData/TeXLive/2017/texmf-dist/tex/latex/oberdiek/kvoptions.sty
Package: kvoptions 2016/05/16 v3.12 Key value format for package options (HO)
 (c:/ProgramData/TeXLive/2017/texmf-dist/tex/generic/oberdiek/kvsetkeys.sty
Package: kvsetkeys 2016/05/16 v1.17 Key value parser (HO)
 (c:/ProgramData/TeXLive/2017/texmf-dist/tex/generic/oberdiek/etexcmds.sty
Package: etexcmds 2016/05/16 v1.6 Avoid name clashes with e-TeX commands (HO)
 (c:/ProgramData/TeXLive/2017/texmf-dist/tex/generic/oberdiek/ifluatex.sty
Package: ifluatex 2016/05/16 v1.4 Provides the ifluatex switch (HO)
Package ifluatex Info: LuaTeX not detected.
)
Package etexcmds Info: Could not find \expanded.
(etexcmds)             That can mean that you are not using pdfTeX 1.50 or
(etexcmds)             that some package has redefined \expanded.
(etexcmds)             In the latter case, load this package earlier.
))) (c:/ProgramData/TeXLive/2017/texmf-dist/tex/generic/oberdiek/pdftexcmds.sty
Package: pdftexcmds 2017/03/19 v0.25 Utility functions of pdfTeX for LuaTeX (HO)
Package pdftexcmds Info: LuaTeX not detected.
Package pdftexcmds Info: \pdf@primitive is available.
Package pdftexcmds Info: \pdf@ifprimitive is available.
Package pdftexcmds Info: \pdfdraftmode found.
)
Package epstopdf-base Info: Redefining graphics rule for `.eps' on input line 438.
Package grfext Info: Graphics extension search list:
(grfext)             [.pdf,.png,.jpg,.mps,.jpeg,.jbig2,.jb2,.PDF,.PNG,.JPG,.JPEG,.JBIG2,.JB2,.eps]
(grfext)             \AppendGraphicsExtensions on input line 456.
 (c:/ProgramData/TeXLive/2017/texmf-dist/tex/latex/latexconfig/epstopdf-sys.cfg
File: epstopdf-sys.cfg 2010/07/13 v1.3 Configuration of (r)epstopdf for TeX Live
))) (c:/ProgramData/TeXLive/2017/texmf-dist/tex/latex/oberdiek/pdflscape.sty
Package: pdflscape 2016/05/14 v0.11 Display of landscape pages in PDF (HO)
 (c:/ProgramData/TeXLive/2017/texmf-dist/tex/latex/graphics/lscape.sty
Package: lscape 2000/10/22 v3.01 Landscape Pages (DPC)
)
Package pdflscape Info: Auto-detected driver: pdftex on input line 81.
) (c:/ProgramData/TeXLive/2017/texmf-dist/tex/latex/float/float.sty
Package: float 2001/11/08 v1.3d Float enhancements (AL)
\c@float@type=\count107
\float@exts=\toks23
\float@box=\box29
\@float@everytoks=\toks24
\@floatcapt=\box30
) (c:/ProgramData/TeXLive/2017/texmf-dist/tex/latex/breqn/breqn.sty (c:/ProgramData/TeXLive/2017/texmf-dist/tex/latex/l3kernel/expl3.sty
Package: expl3 2017/12/16 L3 programming layer (loader) 
 (c:/ProgramData/TeXLive/2017/texmf-dist/tex/latex/l3kernel/expl3-code.tex
Package: expl3 2017/12/16 L3 programming layer (code)
\c_max_int=\count108
\l_tmpa_int=\count109
\l_tmpb_int=\count110
\g_tmpa_int=\count111
\g_tmpb_int=\count112
\g__intarray_font_int=\count113
\g__prg_map_int=\count114
\c_log_iow=\count115
\l_iow_line_count_int=\count116
\l__iow_line_target_int=\count117
\l__iow_one_indent_int=\count118
\l__iow_indent_int=\count119
\c_zero_dim=\dimen132
\c_max_dim=\dimen133
\l_tmpa_dim=\dimen134
\l_tmpb_dim=\dimen135
\g_tmpa_dim=\dimen136
\g_tmpb_dim=\dimen137
\c_zero_skip=\skip51
\c_max_skip=\skip52
\l_tmpa_skip=\skip53
\l_tmpb_skip=\skip54
\g_tmpa_skip=\skip55
\g_tmpb_skip=\skip56
\c_zero_muskip=\muskip11
\c_max_muskip=\muskip12
\l_tmpa_muskip=\muskip13
\l_tmpb_muskip=\muskip14
\g_tmpa_muskip=\muskip15
\g_tmpb_muskip=\muskip16
\l_keys_choice_int=\count120
\c__fp_leading_shift_int=\count121
\c__fp_middle_shift_int=\count122
\c__fp_trailing_shift_int=\count123
\c__fp_big_leading_shift_int=\count124
\c__fp_big_middle_shift_int=\count125
\c__fp_big_trailing_shift_int=\count126
\c__fp_Bigg_leading_shift_int=\count127
\c__fp_Bigg_middle_shift_int=\count128
\c__fp_Bigg_trailing_shift_int=\count129
\c__fp_rand_size_int=\count130
\c__fp_rand_four_int=\count131
\c__fp_rand_eight_int=\count132
\l__sort_length_int=\count133
\l__sort_min_int=\count134
\l__sort_top_int=\count135
\l__sort_max_int=\count136
\l__sort_true_max_int=\count137
\l__sort_block_int=\count138
\l__sort_begin_int=\count139
\l__sort_end_int=\count140
\l__sort_A_int=\count141
\l__sort_B_int=\count142
\l__sort_C_int=\count143
\l__tl_build_start_index_int=\count144
\l__tl_build_index_int=\count145
\l__tl_analysis_normal_int=\count146
\l__tl_analysis_index_int=\count147
\l__tl_analysis_nesting_int=\count148
\l__tl_analysis_type_int=\count149
\l__regex_internal_a_int=\count150
\l__regex_internal_b_int=\count151
\l__regex_internal_c_int=\count152
\l__regex_balance_int=\count153
\l__regex_group_level_int=\count154
\l__regex_mode_int=\count155
\c__regex_cs_in_class_mode_int=\count156
\c__regex_cs_mode_int=\count157
\l__regex_catcodes_int=\count158
\l__regex_default_catcodes_int=\count159
\c__regex_catcode_D_int=\count160
\c__regex_catcode_S_int=\count161
\c__regex_catcode_L_int=\count162
\c__regex_catcode_O_int=\count163
\c__regex_catcode_A_int=\count164
\c__regex_all_catcodes_int=\count165
\l__regex_show_lines_int=\count166
\l__regex_min_state_int=\count167
\l__regex_max_state_int=\count168
\l__regex_left_state_int=\count169
\l__regex_right_state_int=\count170
\l__regex_capturing_group_int=\count171
\l__regex_min_pos_int=\count172
\l__regex_max_pos_int=\count173
\l__regex_curr_pos_int=\count174
\l__regex_start_pos_int=\count175
\l__regex_success_pos_int=\count176
\l__regex_curr_char_int=\count177
\l__regex_curr_catcode_int=\count178
\l__regex_last_char_int=\count179
\l__regex_case_changed_char_int=\count180
\l__regex_curr_state_int=\count181
\l__regex_step_int=\count182
\l__regex_min_active_int=\count183
\l__regex_max_active_int=\count184
\l__regex_replacement_csnames_int=\count185
\l__regex_match_count_int=\count186
\l__regex_min_submatch_int=\count187
\l__regex_submatch_int=\count188
\l__regex_zeroth_submatch_int=\count189
\g__debug_trace_regex_int=\count190
\c_empty_box=\box31
\l_tmpa_box=\box32
\l_tmpb_box=\box33
\g_tmpa_box=\box34
\g_tmpb_box=\box35
\l__box_top_dim=\dimen138
\l__box_bottom_dim=\dimen139
\l__box_left_dim=\dimen140
\l__box_right_dim=\dimen141
\l__box_top_new_dim=\dimen142
\l__box_bottom_new_dim=\dimen143
\l__box_left_new_dim=\dimen144
\l__box_right_new_dim=\dimen145
\l__box_internal_box=\box36
\l__coffin_internal_box=\box37
\l__coffin_internal_dim=\dimen146
\l__coffin_offset_x_dim=\dimen147
\l__coffin_offset_y_dim=\dimen148
\l__coffin_x_dim=\dimen149
\l__coffin_y_dim=\dimen150
\l__coffin_x_prime_dim=\dimen151
\l__coffin_y_prime_dim=\dimen152
\c_empty_coffin=\box38
\l__coffin_aligned_coffin=\box39
\l__coffin_aligned_internal_coffin=\box40
\l_tmpa_coffin=\box41
\l_tmpb_coffin=\box42
\l__coffin_display_coffin=\box43
\l__coffin_display_coord_coffin=\box44
\l__coffin_display_pole_coffin=\box45
\l__coffin_display_offset_dim=\dimen153
\l__coffin_display_x_dim=\dimen154
\l__coffin_display_y_dim=\dimen155
\l__coffin_bounding_shift_dim=\dimen156
\l__coffin_left_corner_dim=\dimen157
\l__coffin_right_corner_dim=\dimen158
\l__coffin_bottom_corner_dim=\dimen159
\l__coffin_top_corner_dim=\dimen160
\l__coffin_scaled_total_height_dim=\dimen161
\l__coffin_scaled_width_dim=\dimen162
) (c:/ProgramData/TeXLive/2017/texmf-dist/tex/latex/l3kernel/l3pdfmode.def
File: l3pdfmode.def 2017/03/18 v L3 Experimental driver: PDF mode
\l__driver_color_stack_int=\count191
\l__driver_tmp_box=\box46
))
Package: breqn 2017/01/27 v0.98e Breaking equations
 (c:/ProgramData/TeXLive/2017/texmf-dist/tex/latex/breqn/flexisym.sty
Package: flexisym 2017/01/27 v0.98e Make math characters macros
LaTeX Info: Redefining \textprime on input line 300.
LaTeX Info: Redefining \not on input line 358.
 (c:/ProgramData/TeXLive/2017/texmf-dist/tex/latex/breqn/cmbase.sym
File: cmbase.sym 2007/12/19 v0.92
LaTeX Info: Redefining \hbar on input line 325.
LaTeX Info: Redefining \surd on input line 327.
LaTeX Info: Redefining \angle on input line 335.
LaTeX Info: Redefining \neq on input line 336.
LaTeX Info: Redefining \mapsto on input line 337.
LaTeX Info: Redefining \cong on input line 338.
LaTeX Info: Redefining \notin on input line 341.
LaTeX Info: Redefining \rightleftharpoons on input line 342.
LaTeX Info: Redefining \doteq on input line 343.
LaTeX Info: Redefining \hookrightarrow on input line 344.
LaTeX Info: Redefining \hookleftarrow on input line 345.
LaTeX Info: Redefining \bowtie on input line 346.
LaTeX Info: Redefining \models on input line 347.
LaTeX Info: Redefining \Longrightarrow on input line 348.
LaTeX Info: Redefining \longrightarrow on input line 349.
LaTeX Info: Redefining \Longleftarrow on input line 350.
LaTeX Info: Redefining \longleftarrow on input line 351.
LaTeX Info: Redefining \longmapsto on input line 352.
LaTeX Info: Redefining \longleftrightarrow on input line 353.
LaTeX Info: Redefining \Longleftrightarrow on input line 354.
LaTeX Info: Redefining \cdots on input line 358.
LaTeX Info: Redefining \vdots on input line 361.
LaTeX Info: Redefining \ddots on input line 366.
) (c:/ProgramData/TeXLive/2017/texmf-dist/tex/latex/breqn/mathstyle.sty
Package: mathstyle 2017/01/27 0.98e Tracking mathstyle implicitly
LaTeX Info: Redefining \displaystyle on input line 93.
LaTeX Info: Redefining \textstyle on input line 95.
LaTeX Info: Redefining \scriptstyle on input line 97.
LaTeX Info: Redefining \scriptscriptstyle on input line 99.
LaTeX Info: Redefining \genfrac on input line 145.
))
\inf@bad=\count192
\maxint=\count193
\listwidth=\dimen163
\eqnumsep=\dimen164
\eqmargin=\dimen165
\eqlinespacing=\skip57
\eqlineskip=\skip58
\eqlineskiplimit=\dimen166
\eqbinoffset=\muskip17
\eqdelimoffset=\muskip18
\eqindentstep=\dimen167
\eqstyle=\toks25
\eqbreakdepth=\count194
\eqinterlinepenalty=\count195
\intereqpenalty=\count196
\intereqskip=\skip59
\prerelpenalty=\count197
\prebinoppenalty=\count198
\Dmedmuskip=\muskip19
\Dthickmuskip=\muskip20
\eqleftskip=\skip60
\eqrightskip=\skip61
\eq@vspan=\skip62
\eq@binoffset=\muskip21
\EQ@box=\box47
\EQ@copy=\box48
\EQ@numbox=\box49
\eq@wdNum=\dimen168
\GRP@numbox=\box50
\grp@wdNum=\dimen169
\eq@lines=\count199
\eq@curline=\count266
\eq@badness=\count267
\EQ@vims=\count268
\eq@dp=\dimen170
\eq@wdL=\dimen171
\eq@wdT=\dimen172
\eq@wdMin=\dimen173
\grp@wdL=\dimen174
\grp@wdR=\dimen175
\grp@wdT=\dimen176
\eq@wdRmax=\dimen177
\eq@firstht=\dimen178
\eq@wdCond=\dimen179
\eq@indentstep=\dimen180
\eq@linewidth=\dimen181
\grp@linewidth=\dimen182
\eq@hshift=\dimen183
\eq@given@sidespace=\dimen184
\mathindent=\dimen185
\eq@final@linecount=\count269
\eq@wdR=\dimen186
\EQ@continue=\toks26
\lr@level=\count270
\GRP@queue=\toks27
\GRP@box=\box51
\GRP@wholebox=\box52
\darraycolsep=\skip63
\cur@row=\count271
\cur@col=\count272
\conditionsep=\skip64
) (c:/ProgramData/TeXLive/2017/texmf-dist/tex/latex/cancel/cancel.sty
Package: cancel 2013/04/12 v2.2 Cancel math terms
) (c:/ProgramData/TeXLive/2017/texmf-dist/tex/latex/optidef/optidef.sty
Package: optidef 2017/11/29 - version=2.6, Package for defining optimization problems
 (c:/ProgramData/TeXLive/2017/texmf-dist/tex/latex/environ/environ.sty
Package: environ 2014/05/04 v0.3 A new way to define environments
 (c:/ProgramData/TeXLive/2017/texmf-dist/tex/latex/trimspaces/trimspaces.sty
Package: trimspaces 2009/09/17 v1.1 Trim spaces around a token list
)) (c:/ProgramData/TeXLive/2017/texmf-dist/tex/latex/xifthen/xifthen.sty
Package: xifthen 2015/11/05 v1.4.0 Extended ifthen features
 (c:/ProgramData/TeXLive/2017/texmf-dist/tex/latex/base/ifthen.sty
Package: ifthen 2014/09/29 v1.1c Standard LaTeX ifthen package (DPC)
) (c:/ProgramData/TeXLive/2017/texmf-dist/tex/latex/ifmtarg/ifmtarg.sty
Package: ifmtarg 2009/09/02 v1.2a check for an empty argument
)) (c:/ProgramData/TeXLive/2017/texmf-dist/tex/latex/etoolbox/etoolbox.sty
Package: etoolbox 2017/11/22 v2.5 e-TeX tools for LaTeX (JAW)
\etb@tempcnta=\count273


Package etoolbox Warning: Patching '\end' failed!
(etoolbox)                '\AfterEndEnvironment' will not work.

) (c:/ProgramData/TeXLive/2017/texmf-dist/tex/latex/l3packages/xparse/xparse.sty
Package: xparse 2017/12/16 L3 Experimental document command parser
\l__xparse_current_arg_int=\count274
\g__xparse_grabber_int=\count275
\l__xparse_m_args_int=\count276
\l__xparse_mandatory_args_int=\count277
\l__xparse_v_nesting_int=\count278
)
\widthInit=\skip65
.................................................
. LaTeX info: "xparse/define-command"
. 
. Defining command \bodyconst with sig. 'm G{}' on line 130.
.................................................
.................................................
. LaTeX info: "xparse/define-command"
. 
. Defining command \bodyconstRight with sig. 'm G{} G{}' on line 163.
.................................................
.................................................
. LaTeX info: "xparse/define-command"
. 
. Defining command \bodyconstOneAlign with sig. 'm G{} G{}' on line 177.
.................................................
.................................................
. LaTeX info: "xparse/define-command"
. 
. Defining command \bodyconstOneAlignBelow with sig. 'm G{} G{}' on line 192.
.................................................
.................................................
. LaTeX info: "xparse/define-command"
. 
. Defining command \bodyconstBelow with sig. 'm G{} G{}' on line 218.
.................................................
.................................................
. LaTeX info: "xparse/define-command"
. 
. Defining command \bodyconstBelowMult with sig. 'm G{} G{}' on line 244.
.................................................
.................................................
. LaTeX info: "xparse/define-command"
. 
. Defining command \bodyconstOneAlignBelowMult with sig. 'm G{} G{}' on line
. 259.
.................................................
.................................................
. LaTeX info: "xparse/define-command"
. 
. Defining command \addConstraint with sig. 'm G{} G{}' on line 304.
.................................................
.................................................
. LaTeX info: "xparse/define-command"
. 
. Defining command \standardAddConstraint with sig. 'm G{} G{}' on line 340.
.................................................
.................................................
. LaTeX info: "xparse/define-command"
. 
. Defining command \BelowAddConstraint with sig. 'm G{} G{}' on line 366.
.................................................
.................................................
. LaTeX info: "xparse/define-command"
. 
. Defining command \oneAlignAddConstraint with sig. 'm G{} G{}' on line 382.
.................................................
.................................................
. LaTeX info: "xparse/define-command"
. 
. Defining command \oneAlignBelowAddConstraint with sig. 'm G{} G{}' on line
. 398.
.................................................
.................................................
. LaTeX info: "xparse/define-command"
. 
. Defining command \BelowAddConstraintMult with sig. 'm G{} G{}' on line 422.
.................................................
.................................................
. LaTeX info: "xparse/define-command"
. 
. Defining command \oneAlignBelowAddConstraintMult with sig. 'm G{} G{}' on
. line 438.
.................................................
.................................................
. LaTeX info: "xparse/define-environment"
. 
. Defining environment 'mini' with sig. 'D||{\defaultProblemFormat } O{0} m m
. m m' on line 560.
.................................................
.................................................
. LaTeX info: "xparse/define-environment"
. 
. Defining environment 'argmini' with sig. 'D||{\defaultProblemFormat } O{0} m
. m m m' on line 568.
.................................................
.................................................
. LaTeX info: "xparse/define-environment"
. 
. Defining environment 'mini*' with sig. 'D||{\defaultProblemFormat } O{0} m m
. m m' on line 578.
.................................................
.................................................
. LaTeX info: "xparse/define-environment"
. 
. Defining environment 'argmini*' with sig. 'D||{l} O{0} m m m m' on line 586.
.................................................
.................................................
. LaTeX info: "xparse/define-environment"
. 
. Defining environment 'mini!' with sig. 'D||{\defaultProblemFormat } O{0} m m
. m m' on line 596.
.................................................
.................................................
. LaTeX info: "xparse/define-environment"
. 
. Defining environment 'argmini!' with sig. 'D||{\defaultProblemFormat } O{0}
. m m m m' on line 604.
.................................................
.................................................
. LaTeX info: "xparse/define-environment"
. 
. Defining environment 'maxi' with sig. 'D||{\defaultProblemFormat } O{0} m m
. m m' on line 618.
.................................................
.................................................
. LaTeX info: "xparse/define-environment"
. 
. Defining environment 'argmaxi' with sig. 'D||{\defaultProblemFormat } O{0} m
. m m m' on line 626.
.................................................
.................................................
. LaTeX info: "xparse/define-environment"
. 
. Defining environment 'maxi*' with sig. 'D||{\defaultProblemFormat } O{0} m m
. m m' on line 636.
.................................................
.................................................
. LaTeX info: "xparse/define-environment"
. 
. Defining environment 'argmaxi*' with sig. 'D||{l} O{0} m m m m' on line 644.
.................................................
.................................................
. LaTeX info: "xparse/define-environment"
. 
. Defining environment 'maxi!' with sig. 'D||{\defaultProblemFormat } O{0} m m
. m m' on line 654.
.................................................
.................................................
. LaTeX info: "xparse/define-environment"
. 
. Defining environment 'argmaxi!' with sig. 'D||{\defaultProblemFormat } O{0}
. m m m m' on line 662.
.................................................
) (c:/ProgramData/TeXLive/2017/texmf-dist/tex/latex/biblatex/biblatex.sty
Package: biblatex 2017/12/19 v3.10 programmable bibliographies (PK/JW/AB)
 (c:/ProgramData/TeXLive/2017/texmf-dist/tex/latex/logreq/logreq.sty
Package: logreq 2010/08/04 v1.0 xml request logger
\lrq@indent=\count279
 (c:/ProgramData/TeXLive/2017/texmf-dist/tex/latex/logreq/logreq.def
File: logreq.def 2010/08/04 v1.0 logreq spec v1.0
)) (c:/ProgramData/TeXLive/2017/texmf-dist/tex/latex/url/url.sty
\Urlmuskip=\muskip22
Package: url 2013/09/16  ver 3.4  Verb mode for urls, etc.
) (c:/ProgramData/TeXLive/2017/texmf-dist/tex/generic/xstring/xstring.sty (c:/ProgramData/TeXLive/2017/texmf-dist/tex/generic/xstring/xstring.tex
\@xs@message=\write3
\integerpart=\count280
\decimalpart=\count281
)
Package: xstring 2013/10/13  v1.7c  String manipulations (C Tellechea)
)
\c@tabx@nest=\count282
\c@listtotal=\count283
\c@listcount=\count284
\c@liststart=\count285
\c@liststop=\count286
\c@citecount=\count287
\c@citetotal=\count288
\c@multicitecount=\count289
\c@multicitetotal=\count290
\c@instcount=\count291
\c@maxnames=\count292
\c@minnames=\count293
\c@maxitems=\count294
\c@minitems=\count295
\c@citecounter=\count296
\c@savedcitecounter=\count297
\c@uniquelist=\count298
\c@uniquename=\count299
\c@refsection=\count300
\c@refsegment=\count301
\c@maxextratitle=\count302
\c@maxextratitleyear=\count303
\c@maxextradate=\count304
\c@maxextraalpha=\count305
\c@abbrvpenalty=\count306
\c@highnamepenalty=\count307
\c@lownamepenalty=\count308
\c@maxparens=\count309
\c@parenlevel=\count310
\blx@tempcnta=\count311
\blx@tempcntb=\count312
\blx@tempcntc=\count313
\blx@maxsection=\count314
\blx@maxsegment@0=\count315
\blx@notetype=\count316
\blx@parenlevel@text=\count317
\blx@parenlevel@foot=\count318
\blx@sectionciteorder@0=\count319
\labelnumberwidth=\skip66
\labelalphawidth=\skip67
\biblabelsep=\skip68
\bibitemsep=\skip69
\bibnamesep=\skip70
\bibinitsep=\skip71
\bibparsep=\skip72
\bibhang=\skip73
\blx@bcfin=\read1
\blx@bcfout=\write4
\c@mincomprange=\count320
\c@maxcomprange=\count321
\c@mincompwidth=\count322
Package biblatex Info: Trying to load biblatex default data model...
Package biblatex Info: ... file 'blx-dm.def' found.
 (c:/ProgramData/TeXLive/2017/texmf-dist/tex/latex/biblatex/blx-dm.def)
Package biblatex Info: Trying to load biblatex style data model...
Package biblatex Info: ... file 'authoryear.dbx' not found.
Package biblatex Info: Trying to load biblatex custom data model...
Package biblatex Info: ... file 'biblatex-dm.cfg' not found.
\c@afterword=\count323
\c@savedafterword=\count324
\c@annotator=\count325
\c@savedannotator=\count326
\c@author=\count327
\c@savedauthor=\count328
\c@bookauthor=\count329
\c@savedbookauthor=\count330
\c@commentator=\count331
\c@savedcommentator=\count332
\c@editor=\count333
\c@savededitor=\count334
\c@editora=\count335
\c@savededitora=\count336
\c@editorb=\count337
\c@savededitorb=\count338
\c@editorc=\count339
\c@savededitorc=\count340
\c@foreword=\count341
\c@savedforeword=\count342
\c@holder=\count343
\c@savedholder=\count344
\c@introduction=\count345
\c@savedintroduction=\count346
\c@namea=\count347
\c@savednamea=\count348
\c@nameb=\count349
\c@savednameb=\count350
\c@namec=\count351
\c@savednamec=\count352
\c@translator=\count353
\c@savedtranslator=\count354
\c@shortauthor=\count355
\c@savedshortauthor=\count356
\c@shorteditor=\count357
\c@savedshorteditor=\count358
\c@labelname=\count359
\c@savedlabelname=\count360
\c@institution=\count361
\c@savedinstitution=\count362
\c@lista=\count363
\c@savedlista=\count364
\c@listb=\count365
\c@savedlistb=\count366
\c@listc=\count367
\c@savedlistc=\count368
\c@listd=\count369
\c@savedlistd=\count370
\c@liste=\count371
\c@savedliste=\count372
\c@listf=\count373
\c@savedlistf=\count374
\c@location=\count375
\c@savedlocation=\count376
\c@organization=\count377
\c@savedorganization=\count378
\c@origlocation=\count379
\c@savedoriglocation=\count380
\c@origpublisher=\count381
\c@savedorigpublisher=\count382
\c@publisher=\count383
\c@savedpublisher=\count384
\c@language=\count385
\c@savedlanguage=\count386
\c@origlanguage=\count387
\c@savedoriglanguage=\count388
\c@pageref=\count389
\c@savedpageref=\count390
\shorthandwidth=\skip74
\shortjournalwidth=\skip75
\shortserieswidth=\skip76
\shorttitlewidth=\skip77
\shortauthorwidth=\skip78
\shorteditorwidth=\skip79
Package biblatex Info: Trying to load compatibility code...
Package biblatex Info: ... file 'blx-compat.def' found.
 (c:/ProgramData/TeXLive/2017/texmf-dist/tex/latex/biblatex/blx-compat.def
File: blx-compat.def 2017/12/19 v3.10 biblatex compatibility (PK/JW/AB)
)
Package biblatex Info: Trying to load generic definitions...
Package biblatex Info: ... file 'biblatex.def' found.
 (c:/ProgramData/TeXLive/2017/texmf-dist/tex/latex/biblatex/biblatex.def
File: biblatex.def 2017/12/19 v3.10 biblatex compatibility (PK/JW/AB)
\c@textcitecount=\count391
\c@textcitetotal=\count392
\c@textcitemaxnames=\count393
\c@biburlnumpenalty=\count394
\c@biburlucpenalty=\count395
\c@biburllcpenalty=\count396
\c@smartand=\count397
)
Package biblatex Info: Trying to load bibliography style 'authoryear'...
Package biblatex Info: ... file 'authoryear.bbx' found.
 (c:/ProgramData/TeXLive/2017/texmf-dist/tex/latex/biblatex/bbx/authoryear.bbx
File: authoryear.bbx 2017/12/19 v3.10 biblatex bibliography style (PK/JW/AB)
Package biblatex Info: Trying to load bibliography style 'standard'...
Package biblatex Info: ... file 'standard.bbx' found.
 (c:/ProgramData/TeXLive/2017/texmf-dist/tex/latex/biblatex/bbx/standard.bbx
File: standard.bbx 2017/12/19 v3.10 biblatex bibliography style (PK/JW/AB)
\c@bbx:relatedcount=\count398
\c@bbx:relatedtotal=\count399
))
Package biblatex Info: Trying to load citation style 'authoryear'...
Package biblatex Info: ... file 'authoryear.cbx' found.
 (c:/ProgramData/TeXLive/2017/texmf-dist/tex/latex/biblatex/cbx/authoryear.cbx
File: authoryear.cbx 2017/12/19 v3.10 biblatex citation style (PK/JW/AB)
Package biblatex Info: Redefining '\cite'.
Package biblatex Info: Redefining '\parencite'.
Package biblatex Info: Redefining '\footcite'.
Package biblatex Info: Redefining '\footcitetext'.
Package biblatex Info: Redefining '\smartcite'.
Package biblatex Info: Redefining '\textcite'.
Package biblatex Info: Redefining '\textcites'.
)
Package biblatex Info: Trying to load configuration file...
Package biblatex Info: ... file 'biblatex.cfg' found.
 (c:/ProgramData/TeXLive/2017/texmf-dist/tex/latex/biblatex/biblatex.cfg
File: biblatex.cfg 
))
Package biblatex Info: Trying to load language 'english'...
Package biblatex Info: ... file 'english.lbx' found.
 (c:/ProgramData/TeXLive/2017/texmf-dist/tex/latex/biblatex/lbx/english.lbx
File: english.lbx 2017/12/19 v3.10 biblatex localization (PK/JW/AB)
)
\@quotelevel=\count400
\@quotereset=\count401
 (./jessoe_rapson_notes.aux)
\openout1 = `jessoe_rapson_notes.aux'.

LaTeX Font Info:    Checking defaults for OML/cmm/m/it on input line 27.
LaTeX Font Info:    ... okay on input line 27.
LaTeX Font Info:    Checking defaults for T1/cmr/m/n on input line 27.
LaTeX Font Info:    ... okay on input line 27.
LaTeX Font Info:    Checking defaults for OT1/cmr/m/n on input line 27.
LaTeX Font Info:    ... okay on input line 27.
LaTeX Font Info:    Checking defaults for OMS/cmsy/m/n on input line 27.
LaTeX Font Info:    ... okay on input line 27.
LaTeX Font Info:    Checking defaults for OMX/cmex/m/n on input line 27.
LaTeX Font Info:    ... okay on input line 27.
LaTeX Font Info:    Checking defaults for U/cmr/m/n on input line 27.
LaTeX Font Info:    ... okay on input line 27.

*geometry* driver: auto-detecting
*geometry* detected driver: pdftex
*geometry* verbose mode - [ preamble ] result:
* driver: pdftex
* paper: letterpaper
* layout: <same size as paper>
* layoutoffset:(h,v)=(0.0pt,0.0pt)
* modes: 
* h-part:(L,W,R)=(92.14519pt, 430.00462pt, 92.14519pt)
* v-part:(T,H,B)=(95.39737pt, 556.47656pt, 143.09605pt)
* \paperwidth=614.295pt
* \paperheight=794.96999pt
* \textwidth=430.00462pt
* \textheight=556.47656pt
* \oddsidemargin=19.8752pt
* \evensidemargin=19.8752pt
* \topmargin=-13.87262pt
* \headheight=12.0pt
* \headsep=25.0pt
* \topskip=12.0pt
* \footskip=30.0pt
* \marginparwidth=44.0pt
* \marginparsep=10.0pt
* \columnsep=10.0pt
* \skip\footins=10.8pt plus 4.0pt minus 2.0pt
* \hoffset=0.0pt
* \voffset=0.0pt
* \mag=1000
* \@twocolumnfalse
* \@twosidefalse
* \@mparswitchfalse
* \@reversemarginfalse
* (1in=72.27pt=25.4mm, 1cm=28.453pt)

(c:/ProgramData/TeXLive/2017/texmf-dist/tex/context/base/mkii/supp-pdf.mkii
[Loading MPS to PDF converter (version 2006.09.02).]
\scratchcounter=\count402
\scratchdimen=\dimen187
\scratchbox=\box53
\nofMPsegments=\count403
\nofMParguments=\count404
\everyMPshowfont=\toks28
\MPscratchCnt=\count405
\MPscratchDim=\dimen188
\MPnumerator=\count406
\makeMPintoPDFobject=\count407
\everyMPtoPDFconversion=\toks29
)
Package biblatex Info: No input encoding detected.
(biblatex)             Assuming 'ascii'.
Package biblatex Info: Automatic encoding selection.
(biblatex)             Assuming data encoding 'ascii'.
\openout4 = `jessoe_rapson_notes.bcf'.

Package biblatex Info: Trying to load bibliographic data...
Package biblatex Info: ... file 'jessoe_rapson_notes.bbl' found.
 (./jessoe_rapson_notes.bbl)
Package biblatex Info: Reference section=0 on input line 27.
Package biblatex Info: Reference segment=0 on input line 27.
LaTeX Font Info:    Try loading font information for U+msa on input line 28.
 (c:/ProgramData/TeXLive/2017/texmf-dist/tex/latex/amsfonts/umsa.fd
File: umsa.fd 2013/01/14 v3.01 AMS symbols A
)
LaTeX Font Info:    Try loading font information for U+msb on input line 28.
 (c:/ProgramData/TeXLive/2017/texmf-dist/tex/latex/amsfonts/umsb.fd
File: umsb.fd 2013/01/14 v3.01 AMS symbols B
)
LaTeX Font Info:    Try loading font information for U+rsfs on input line 28.
 (c:/ProgramData/TeXLive/2017/texmf-dist/tex/latex/jknapltx/ursfs.fd
File: ursfs.fd 1998/03/24 rsfs font definition file (jk)
)
LaTeX Font Info:    Try loading font information for OMS+cmr on input line 32.
 (c:/ProgramData/TeXLive/2017/texmf-dist/tex/latex/base/omscmr.fd
File: omscmr.fd 2014/09/29 v2.5h Standard LaTeX font definitions
)
LaTeX Font Info:    Font shape `OMS/cmr/m/n' in size <12> not available
(Font)              Font shape `OMS/cmsy/m/n' tried instead on input line 32.
 [1

{c:/ProgramData/TeXLive/2017/texmf-var/fonts/map/pdftex/updmap/pdftex.map}] [2]
<ihd1.png, id=13, 723.30225pt x 577.55775pt>
File: ihd1.png Graphic file (type png)
<use ihd1.png>
Package pdftex.def Info: ihd1.png  used on input line 83.
(pdftex.def)             Requested size: 723.30048pt x 577.55634pt.
<ihd2.jpg, id=15, 505.89pt x 364.2408pt>
File: ihd2.jpg Graphic file (type jpg)
<use ihd2.jpg>
Package pdftex.def Info: ihd2.jpg  used on input line 84.
(pdftex.def)             Requested size: 505.88875pt x 364.23991pt.
 [3] [4 <./ihd1.png>]
<pricing_events.png, id=23, 1108.14pt x 286.671pt>
File: pricing_events.png Graphic file (type png)
<use pricing_events.png>
Package pdftex.def Info: pricing_events.png  used on input line 91.
(pdftex.def)             Requested size: 1108.1373pt x 286.67029pt.
 [5 <./ihd2.jpg>]
<balance.png, id=27, 654.64575pt x 619.113pt>
File: balance.png Graphic file (type png)
<use balance.png>
Package pdftex.def Info: balance.png  used on input line 104.
(pdftex.def)             Requested size: 654.64415pt x 619.1115pt.
 [6 <./pricing_events.png>]
<lpm.png, id=32, 914.81775pt x 358.33875pt>
File: lpm.png Graphic file (type png)
<use lpm.png>
Package pdftex.def Info: lpm.png  used on input line 108.
(pdftex.def)             Requested size: 914.81552pt x 358.33788pt.
 [7 <./balance.png>]
<raw1.png, id=38, 1102.1175pt x 448.67625pt>
File: raw1.png Graphic file (type png)
<use raw1.png>
Package pdftex.def Info: raw1.png  used on input line 114.
(pdftex.def)             Requested size: 1102.1148pt x 448.67516pt.
<raw2.png, id=39, 1108.14pt x 434.22224pt>
File: raw2.png Graphic file (type png)
<use raw2.png>
Package pdftex.def Info: raw2.png  used on input line 115.
(pdftex.def)             Requested size: 1108.1373pt x 434.22118pt.
 [8 <./lpm.png> <./raw1.png>]
<raw3.png, id=45, 1112.958pt x 434.22224pt>
File: raw3.png Graphic file (type png)
<use raw3.png>
Package pdftex.def Info: raw3.png  used on input line 116.
(pdftex.def)             Requested size: 1112.95529pt x 434.22118pt.
<raw4.png, id=46, 1106.9355pt x 437.83575pt>
File: raw4.png Graphic file (type png)
<use raw4.png>
Package pdftex.def Info: raw4.png  used on input line 117.
(pdftex.def)             Requested size: 1106.9328pt x 437.83469pt.
<raw5.png, id=47, 1117.776pt x 428.802pt>
File: raw5.png Graphic file (type png)
<use raw5.png>
Package pdftex.def Info: raw5.png  used on input line 118.
(pdftex.def)             Requested size: 1117.77327pt x 428.80095pt.
 [9 <./raw2.png> <./raw3.png> <./raw4.png>]
<raw6.png, id=54, 1114.76476pt x 440.24475pt>
File: raw6.png Graphic file (type png)
<use raw6.png>
Package pdftex.def Info: raw6.png  used on input line 119.
(pdftex.def)             Requested size: 1114.76204pt x 440.24368pt.
<diff_mean.png, id=55, 763.653pt x 536.0025pt>
File: diff_mean.png Graphic file (type png)
<use diff_mean.png>
Package pdftex.def Info: diff_mean.png  used on input line 120.
(pdftex.def)             Requested size: 763.65114pt x 536.00119pt.
 [10 <./raw5.png> <./raw6.png>] [11 <./diff_mean.png>]
<results.png, id=70, 744.98325pt x 512.51476pt>
File: results.png Graphic file (type png)
<use results.png>
Package pdftex.def Info: results.png  used on input line 138.
(pdftex.def)             Requested size: 744.98143pt x 512.51349pt.
 [12 <./results.png>]
<confirmation.png, id=75, 916.02225pt x 420.3705pt>
File: confirmation.png Graphic file (type png)
<use confirmation.png>
Package pdftex.def Info: confirmation.png  used on input line 149.
(pdftex.def)             Requested size: 916.02002pt x 420.36948pt.
<ihd_freq.png, id=76, 760.64175pt x 396.2805pt>
File: ihd_freq.png Graphic file (type png)
<use ihd_freq.png>
Package pdftex.def Info: ihd_freq.png  used on input line 154.
(pdftex.def)             Requested size: 760.6399pt x 396.27953pt.
 [13 <./confirmation.png>]
<prepost.png, id=82, 911.8065pt x 309.5565pt>
File: prepost.png Graphic file (type png)
<use prepost.png>
Package pdftex.def Info: prepost.png  used on input line 164.
(pdftex.def)             Requested size: 911.80428pt x 309.55574pt.
 [14 <./ihd_freq.png>]
<habit.png, id=87, 771.48225pt x 473.97075pt>
File: habit.png Graphic file (type png)
<use habit.png>
Package pdftex.def Info: habit.png  used on input line 169.
(pdftex.def)             Requested size: 771.48036pt x 473.96959pt.
 [15 <./prepost.png> <./habit.png>] [16] (./jessoe_rapson_notes.aux)
Package logreq Info: Writing requests to 'jessoe_rapson_notes.run.xml'.
\openout1 = `jessoe_rapson_notes.run.xml'.

 ) 
Here is how much of TeX's memory you used:
 19676 strings out of 492980
 365130 string characters out of 6130643
 757571 words of memory out of 5000000
 23026 multiletter control sequences out of 15000+600000
 540025 words of font info for 62 fonts, out of 8000000 for 9000
 1141 hyphenation exceptions out of 8191
 42i,8n,46p,10458b,1121s stack positions out of 5000i,500n,10000p,200000b,80000s
<c:/ProgramData/TeXLive/2017/texmf-dist/fonts/type1/public/amsfonts/cm/cmbx12.pfb><c:/ProgramData/TeXLive/2017/texmf-dist/fonts/type1/public/amsfonts/cm/cmex10.pfb><c:/ProgramData/TeXLive/2017/texmf-dist/fonts/type1/public/amsfonts/cm/cmmi12.pfb><c:/ProgramData/TeXLive/2017/texmf-dist/fonts/type1/public/amsfonts/cm/cmmi8.pfb><c:/ProgramData/TeXLive/2017/texmf-dist/fonts/type1/public/amsfonts/cm/cmr12.pfb><c:/ProgramData/TeXLive/2017/texmf-dist/fonts/type1/public/amsfonts/cm/cmr17.pfb><c:/ProgramData/TeXLive/2017/texmf-dist/fonts/type1/public/amsfonts/cm/cmr8.pfb><c:/ProgramData/TeXLive/2017/texmf-dist/fonts/type1/public/amsfonts/cm/cmsy10.pfb><c:/ProgramData/TeXLive/2017/texmf-dist/fonts/type1/public/amsfonts/cm/cmsy8.pfb>
Output written on jessoe_rapson_notes.pdf (16 pages, 3944442 bytes).
PDF statistics:
 126 PDF objects out of 1000 (max. 8388607)
 65 compressed objects within 1 object stream
 0 named destinations out of 1000 (max. 500000)
 86 words of extra memory for PDF output out of 10000 (max. 10000000)

